CRITICAL - 2025-10-30 06:13:21 --> CodeIgniter\View\Exceptions\ViewException: Invalid file: "header.php"
[Method: GET, Route: /]
in SYSTEMPATH\Exceptions\FrameworkException.php on line 39.
 1 SYSTEMPATH\View\View.php(214): CodeIgniter\Exceptions\FrameworkException::forInvalidFile('header.php')
 2 SYSTEMPATH\Common.php(1167): CodeIgniter\View\View->render('header', [], true)
 3 APPPATH\Controllers\Blog.php(42): view('header', [...])
 4 SYSTEMPATH\CodeIgniter.php(933): App\Controllers\Blog->index()
 5 SYSTEMPATH\CodeIgniter.php(507): CodeIgniter\CodeIgniter->runController(Object(App\Controllers\Blog))
 6 SYSTEMPATH\CodeIgniter.php(354): CodeIgniter\CodeIgniter->handleRequest(null, Object(Config\Cache), false)
 7 SYSTEMPATH\Boot.php(363): CodeIgniter\CodeIgniter->run()
 8 SYSTEMPATH\Boot.php(68): CodeIgniter\Boot::runCodeIgniter(Object(CodeIgniter\CodeIgniter))
 9 FCPATH\index.php(59): CodeIgniter\Boot::bootWeb(Object(Config\Paths))
CRITICAL - 2025-10-30 06:37:38 --> ErrorException: Undefined variable $relPrev
[Method: GET, Route: /]
in APPPATH\Views\layout\header.php on line 57.
 1 APPPATH\Views\layout\header.php(57): CodeIgniter\Debug\Exceptions->errorHandler(2, 'Undefined variable $relPrev', 'E:\\SpriteGenix\\spritegenix-blogs\\app\\Views\\layout\\header.php', 57)
 2 SYSTEMPATH\View\View.php(226): include('E:\\SpriteGenix\\spritegenix-blogs\\app\\Views\\layout\\header.php')
 3 SYSTEMPATH\View\View.php(229): CodeIgniter\View\View->CodeIgniter\View\{closure}()
 4 SYSTEMPATH\Common.php(1167): CodeIgniter\View\View->render('layout/header', [], true)
 5 APPPATH\Controllers\Blog.php(42): view('layout/header', [...])
 6 SYSTEMPATH\CodeIgniter.php(933): App\Controllers\Blog->index()
 7 SYSTEMPATH\CodeIgniter.php(507): CodeIgniter\CodeIgniter->runController(Object(App\Controllers\Blog))
 8 SYSTEMPATH\CodeIgniter.php(354): CodeIgniter\CodeIgniter->handleRequest(null, Object(Config\Cache), false)
 9 SYSTEMPATH\Boot.php(363): CodeIgniter\CodeIgniter->run()
10 SYSTEMPATH\Boot.php(68): CodeIgniter\Boot::runCodeIgniter(Object(CodeIgniter\CodeIgniter))
11 FCPATH\index.php(59): CodeIgniter\Boot::bootWeb(Object(Config\Paths))
CRITICAL - 2025-10-30 06:37:39 --> ErrorException: Undefined variable $relPrev
[Method: GET, Route: /]
in APPPATH\Views\layout\header.php on line 57.
 1 APPPATH\Views\layout\header.php(57): CodeIgniter\Debug\Exceptions->errorHandler(2, 'Undefined variable $relPrev', 'E:\\SpriteGenix\\spritegenix-blogs\\app\\Views\\layout\\header.php', 57)
 2 SYSTEMPATH\View\View.php(226): include('E:\\SpriteGenix\\spritegenix-blogs\\app\\Views\\layout\\header.php')
 3 SYSTEMPATH\View\View.php(229): CodeIgniter\View\View->CodeIgniter\View\{closure}()
 4 SYSTEMPATH\Common.php(1167): CodeIgniter\View\View->render('layout/header', [], true)
 5 APPPATH\Controllers\Blog.php(42): view('layout/header', [...])
 6 SYSTEMPATH\CodeIgniter.php(933): App\Controllers\Blog->index()
 7 SYSTEMPATH\CodeIgniter.php(507): CodeIgniter\CodeIgniter->runController(Object(App\Controllers\Blog))
 8 SYSTEMPATH\CodeIgniter.php(354): CodeIgniter\CodeIgniter->handleRequest(null, Object(Config\Cache), false)
 9 SYSTEMPATH\Boot.php(363): CodeIgniter\CodeIgniter->run()
10 SYSTEMPATH\Boot.php(68): CodeIgniter\Boot::runCodeIgniter(Object(CodeIgniter\CodeIgniter))
11 FCPATH\index.php(59): CodeIgniter\Boot::bootWeb(Object(Config\Paths))
CRITICAL - 2025-10-30 06:38:04 --> ErrorException: Undefined variable $relPrev
[Method: GET, Route: blog/sprite-genix-emerges-as-a-national-force-in-indian-digital-marketing-and-web-development-landscape-039-s-039-s]
in APPPATH\Views\layout\header.php on line 57.
 1 APPPATH\Views\layout\header.php(57): CodeIgniter\Debug\Exceptions->errorHandler(2, 'Undefined variable $relPrev', 'E:\\SpriteGenix\\spritegenix-blogs\\app\\Views\\layout\\header.php', 57)
 2 SYSTEMPATH\View\View.php(226): include('E:\\SpriteGenix\\spritegenix-blogs\\app\\Views\\layout\\header.php')
 3 SYSTEMPATH\View\View.php(229): CodeIgniter\View\View->CodeIgniter\View\{closure}()
 4 SYSTEMPATH\Common.php(1167): CodeIgniter\View\View->render('layout/header', [], true)
 5 APPPATH\Controllers\Blog.php(94): view('layout/header', [...])
 6 SYSTEMPATH\CodeIgniter.php(933): App\Controllers\Blog->details('sprite-genix-emerges-as-a-national-force-in-indian-digital-marketing-and-web-development-landscape-039-s-039-s')
 7 SYSTEMPATH\CodeIgniter.php(507): CodeIgniter\CodeIgniter->runController(Object(App\Controllers\Blog))
 8 SYSTEMPATH\CodeIgniter.php(354): CodeIgniter\CodeIgniter->handleRequest(null, Object(Config\Cache), false)
 9 SYSTEMPATH\Boot.php(363): CodeIgniter\CodeIgniter->run()
10 SYSTEMPATH\Boot.php(68): CodeIgniter\Boot::runCodeIgniter(Object(CodeIgniter\CodeIgniter))
11 FCPATH\index.php(59): CodeIgniter\Boot::bootWeb(Object(Config\Paths))
CRITICAL - 2025-10-30 06:48:19 --> ErrorException: Undefined array key "keywords"
[Method: GET, Route: blog/sprite-genix-emerges-as-a-national-force-in-indian-digital-marketing-and-web-development-landscape-039-s-039-s]
in APPPATH\Controllers\Blog.php on line 92.
 1 APPPATH\Controllers\Blog.php(92): CodeIgniter\Debug\Exceptions->errorHandler(2, 'Undefined array key "keywords"', 'E:\\SpriteGenix\\spritegenix-blogs\\app\\Controllers\\Blog.php', 92)
 2 SYSTEMPATH\CodeIgniter.php(933): App\Controllers\Blog->details('sprite-genix-emerges-as-a-national-force-in-indian-digital-marketing-and-web-development-landscape-039-s-039-s')
 3 SYSTEMPATH\CodeIgniter.php(507): CodeIgniter\CodeIgniter->runController(Object(App\Controllers\Blog))
 4 SYSTEMPATH\CodeIgniter.php(354): CodeIgniter\CodeIgniter->handleRequest(null, Object(Config\Cache), false)
 5 SYSTEMPATH\Boot.php(363): CodeIgniter\CodeIgniter->run()
 6 SYSTEMPATH\Boot.php(68): CodeIgniter\Boot::runCodeIgniter(Object(CodeIgniter\CodeIgniter))
 7 FCPATH\index.php(59): CodeIgniter\Boot::bootWeb(Object(Config\Paths))
CRITICAL - 2025-10-30 06:48:38 --> ErrorException: Undefined array key "meta_keywords"
[Method: GET, Route: blog/sprite-genix-emerges-as-a-national-force-in-indian-digital-marketing-and-web-development-landscape-039-s-039-s]
in APPPATH\Controllers\Blog.php on line 92.
 1 APPPATH\Controllers\Blog.php(92): CodeIgniter\Debug\Exceptions->errorHandler(2, 'Undefined array key "meta_keywords"', 'E:\\SpriteGenix\\spritegenix-blogs\\app\\Controllers\\Blog.php', 92)
 2 SYSTEMPATH\CodeIgniter.php(933): App\Controllers\Blog->details('sprite-genix-emerges-as-a-national-force-in-indian-digital-marketing-and-web-development-landscape-039-s-039-s')
 3 SYSTEMPATH\CodeIgniter.php(507): CodeIgniter\CodeIgniter->runController(Object(App\Controllers\Blog))
 4 SYSTEMPATH\CodeIgniter.php(354): CodeIgniter\CodeIgniter->handleRequest(null, Object(Config\Cache), false)
 5 SYSTEMPATH\Boot.php(363): CodeIgniter\CodeIgniter->run()
 6 SYSTEMPATH\Boot.php(68): CodeIgniter\Boot::runCodeIgniter(Object(CodeIgniter\CodeIgniter))
 7 FCPATH\index.php(59): CodeIgniter\Boot::bootWeb(Object(Config\Paths))
CRITICAL - 2025-10-30 06:49:10 --> TypeError: htmlspecialchars(): Argument #1 ($string) must be of type string, array given
[Method: GET, Route: blog/sprite-genix-emerges-as-a-national-force-in-indian-digital-marketing-and-web-development-landscape-039-s-039-s]
in APPPATH\Views\layout\header.php on line 27.
 1 APPPATH\Views\layout\header.php(27): htmlspecialchars([], 3)
 2 SYSTEMPATH\View\View.php(226): include('E:\\SpriteGenix\\spritegenix-blogs\\app\\Views\\layout\\header.php')
 3 SYSTEMPATH\View\View.php(229): CodeIgniter\View\View->CodeIgniter\View\{closure}()
 4 SYSTEMPATH\Common.php(1167): CodeIgniter\View\View->render('layout/header', [], true)
 5 APPPATH\Controllers\Blog.php(97): view('layout/header', [...])
 6 SYSTEMPATH\CodeIgniter.php(933): App\Controllers\Blog->details('sprite-genix-emerges-as-a-national-force-in-indian-digital-marketing-and-web-development-landscape-039-s-039-s')
 7 SYSTEMPATH\CodeIgniter.php(507): CodeIgniter\CodeIgniter->runController(Object(App\Controllers\Blog))
 8 SYSTEMPATH\CodeIgniter.php(354): CodeIgniter\CodeIgniter->handleRequest(null, Object(Config\Cache), false)
 9 SYSTEMPATH\Boot.php(363): CodeIgniter\CodeIgniter->run()
10 SYSTEMPATH\Boot.php(68): CodeIgniter\Boot::runCodeIgniter(Object(CodeIgniter\CodeIgniter))
11 FCPATH\index.php(59): CodeIgniter\Boot::bootWeb(Object(Config\Paths))
CRITICAL - 2025-10-30 08:26:43 --> Error: Call to undefined function footer_our_services()
[Method: GET, Route: /]
in APPPATH\Views\layout\footer.php on line 7.
 1 SYSTEMPATH\View\View.php(226): include()
 2 SYSTEMPATH\View\View.php(229): CodeIgniter\View\View->CodeIgniter\View\{closure}()
 3 SYSTEMPATH\Common.php(1167): CodeIgniter\View\View->render('layout/footer', [], true)
 4 APPPATH\Controllers\Blog.php(44): view('layout/footer', [...])
 5 SYSTEMPATH\CodeIgniter.php(933): App\Controllers\Blog->index()
 6 SYSTEMPATH\CodeIgniter.php(507): CodeIgniter\CodeIgniter->runController(Object(App\Controllers\Blog))
 7 SYSTEMPATH\CodeIgniter.php(354): CodeIgniter\CodeIgniter->handleRequest(null, Object(Config\Cache), false)
 8 SYSTEMPATH\Boot.php(363): CodeIgniter\CodeIgniter->run()
 9 SYSTEMPATH\Boot.php(68): CodeIgniter\Boot::runCodeIgniter(Object(CodeIgniter\CodeIgniter))
10 FCPATH\index.php(59): CodeIgniter\Boot::bootWeb(Object(Config\Paths))
CRITICAL - 2025-10-30 08:33:11 --> Error: Call to undefined function <p><a href="()
[Method: GET, Route: /]
in APPPATH\Helpers\footer_helper.php on line 79.
 1 APPPATH\Views\layout\footer.php(7): footer_our_services()
 2 SYSTEMPATH\View\View.php(226): include('E:\\SpriteGenix\\spritegenix-blogs\\app\\Views\\layout\\footer.php')
 3 SYSTEMPATH\View\View.php(229): CodeIgniter\View\View->CodeIgniter\View\{closure}()
 4 SYSTEMPATH\Common.php(1167): CodeIgniter\View\View->render('layout/footer', [], true)
 5 APPPATH\Controllers\Blog.php(44): view('layout/footer', [...])
 6 SYSTEMPATH\CodeIgniter.php(933): App\Controllers\Blog->index()
 7 SYSTEMPATH\CodeIgniter.php(507): CodeIgniter\CodeIgniter->runController(Object(App\Controllers\Blog))
 8 SYSTEMPATH\CodeIgniter.php(354): CodeIgniter\CodeIgniter->handleRequest(null, Object(Config\Cache), false)
 9 SYSTEMPATH\Boot.php(363): CodeIgniter\CodeIgniter->run()
10 SYSTEMPATH\Boot.php(68): CodeIgniter\Boot::runCodeIgniter(Object(CodeIgniter\CodeIgniter))
11 FCPATH\index.php(59): CodeIgniter\Boot::bootWeb(Object(Config\Paths))
