ERROR - 2025-07-15 03:46:58 --> mysqli_sql_exception: Unknown column 'post_name' in 'field list' in /var/www/html/admin_panel/system/Database/MySQLi/Connection.php:295
Stack trace:
#0 /var/www/html/admin_panel/system/Database/MySQLi/Connection.php(295): mysqli->query('INSERT INTO `po...', 0)
#1 /var/www/html/admin_panel/system/Database/BaseConnection.php(691): CodeIgniter\Database\MySQLi\Connection->execute('INSERT INTO `po...')
#2 /var/www/html/admin_panel/system/Database/BaseConnection.php(605): CodeIgniter\Database\BaseConnection->simpleQuery('INSERT INTO `po...')
#3 /var/www/html/admin_panel/system/Database/BaseBuilder.php(2309): CodeIgniter\Database\BaseConnection->query('INSERT INTO `po...', Array, false)
#4 /var/www/html/admin_panel/system/Model.php(330): CodeIgniter\Database\BaseBuilder->insert()
#5 /var/www/html/admin_panel/system/BaseModel.php(782): CodeIgniter\Model->doInsert(Array)
#6 /var/www/html/admin_panel/system/Model.php(730): CodeIgniter\BaseModel->insert(Array, false)
#7 /var/www/html/admin_panel/system/BaseModel.php(692): CodeIgniter\Model->insert(Array, false)
#8 /var/www/html/admin_panel/app/Controllers/Website_management.php(598): CodeIgniter\BaseModel->save(Array)
#9 /var/www/html/admin_panel/system/CodeIgniter.php(934): App\Controllers\Website_management->add_post()
#10 /var/www/html/admin_panel/system/CodeIgniter.php(499): CodeIgniter\CodeIgniter->runController(Object(App\Controllers\Website_management))
#11 /var/www/html/admin_panel/system/CodeIgniter.php(368): CodeIgniter\CodeIgniter->handleRequest(NULL, Object(Config\Cache), false)
#12 /var/www/html/admin_panel/index.php(67): CodeIgniter\CodeIgniter->run()
#13 {main}
CRITICAL - 2025-07-15 03:46:58 --> Unknown column 'post_name' in 'field list'
in SYSTEMPATH/Database/BaseConnection.php on line 645.
 1 SYSTEMPATH/Database/BaseBuilder.php(2309): CodeIgniter\Database\BaseConnection->query('INSERT INTO `posts` (`company_id`, `title`, `post_type`, `category`, `short_description`, `description`, `meta_keyword`, `post_name`, `meta_description`, `featured`, `file_type`, `alt`, `status`, `slug`, `datetime`) VALUES (:company_id:, :title:, :post_type:, :category:, :short_description:, :description:, :meta_keyword:, :post_name:, :meta_description:, :featured:, :file_type:, :alt:, :status:, :slug:, :datetime:)', [...], false)
 2 SYSTEMPATH/Model.php(330): CodeIgniter\Database\BaseBuilder->insert()
 3 SYSTEMPATH/BaseModel.php(782): CodeIgniter\Model->doInsert([...])
 4 SYSTEMPATH/Model.php(730): CodeIgniter\BaseModel->insert([...], false)
 5 SYSTEMPATH/BaseModel.php(692): CodeIgniter\Model->insert([...], false)
 6 APPPATH/Controllers/Website_management.php(598): CodeIgniter\BaseModel->save([...])
 7 SYSTEMPATH/CodeIgniter.php(934): App\Controllers\Website_management->add_post()
 8 SYSTEMPATH/CodeIgniter.php(499): CodeIgniter\CodeIgniter->runController(Object(App\Controllers\Website_management))
 9 SYSTEMPATH/CodeIgniter.php(368): CodeIgniter\CodeIgniter->handleRequest(null, Object(Config\Cache), false)
10 FCPATH/index.php(67): CodeIgniter\CodeIgniter->run()
ERROR - 2025-07-15 05:04:13 --> mysqli_sql_exception: Unknown column 'post_name' in 'field list' in /var/www/html/admin_panel/system/Database/MySQLi/Connection.php:295
Stack trace:
#0 /var/www/html/admin_panel/system/Database/MySQLi/Connection.php(295): mysqli->query('INSERT INTO `po...', 0)
#1 /var/www/html/admin_panel/system/Database/BaseConnection.php(691): CodeIgniter\Database\MySQLi\Connection->execute('INSERT INTO `po...')
#2 /var/www/html/admin_panel/system/Database/BaseConnection.php(605): CodeIgniter\Database\BaseConnection->simpleQuery('INSERT INTO `po...')
#3 /var/www/html/admin_panel/system/Database/BaseBuilder.php(2309): CodeIgniter\Database\BaseConnection->query('INSERT INTO `po...', Array, false)
#4 /var/www/html/admin_panel/system/Model.php(330): CodeIgniter\Database\BaseBuilder->insert()
#5 /var/www/html/admin_panel/system/BaseModel.php(782): CodeIgniter\Model->doInsert(Array)
#6 /var/www/html/admin_panel/system/Model.php(730): CodeIgniter\BaseModel->insert(Array, false)
#7 /var/www/html/admin_panel/system/BaseModel.php(692): CodeIgniter\Model->insert(Array, false)
#8 /var/www/html/admin_panel/app/Controllers/Website_management.php(598): CodeIgniter\BaseModel->save(Array)
#9 /var/www/html/admin_panel/system/CodeIgniter.php(934): App\Controllers\Website_management->add_post()
#10 /var/www/html/admin_panel/system/CodeIgniter.php(499): CodeIgniter\CodeIgniter->runController(Object(App\Controllers\Website_management))
#11 /var/www/html/admin_panel/system/CodeIgniter.php(368): CodeIgniter\CodeIgniter->handleRequest(NULL, Object(Config\Cache), false)
#12 /var/www/html/admin_panel/index.php(67): CodeIgniter\CodeIgniter->run()
#13 {main}
CRITICAL - 2025-07-15 05:04:14 --> Unknown column 'post_name' in 'field list'
in SYSTEMPATH/Database/BaseConnection.php on line 645.
 1 SYSTEMPATH/Database/BaseBuilder.php(2309): CodeIgniter\Database\BaseConnection->query('INSERT INTO `posts` (`company_id`, `title`, `post_type`, `category`, `short_description`, `description`, `meta_keyword`, `post_name`, `meta_description`, `featured`, `file_type`, `alt`, `status`, `slug`, `datetime`) VALUES (:company_id:, :title:, :post_type:, :category:, :short_description:, :description:, :meta_keyword:, :post_name:, :meta_description:, :featured:, :file_type:, :alt:, :status:, :slug:, :datetime:)', [...], false)
 2 SYSTEMPATH/Model.php(330): CodeIgniter\Database\BaseBuilder->insert()
 3 SYSTEMPATH/BaseModel.php(782): CodeIgniter\Model->doInsert([...])
 4 SYSTEMPATH/Model.php(730): CodeIgniter\BaseModel->insert([...], false)
 5 SYSTEMPATH/BaseModel.php(692): CodeIgniter\Model->insert([...], false)
 6 APPPATH/Controllers/Website_management.php(598): CodeIgniter\BaseModel->save([...])
 7 SYSTEMPATH/CodeIgniter.php(934): App\Controllers\Website_management->add_post()
 8 SYSTEMPATH/CodeIgniter.php(499): CodeIgniter\CodeIgniter->runController(Object(App\Controllers\Website_management))
 9 SYSTEMPATH/CodeIgniter.php(368): CodeIgniter\CodeIgniter->handleRequest(null, Object(Config\Cache), false)
10 FCPATH/index.php(67): CodeIgniter\CodeIgniter->run()
ERROR - 2025-07-15 05:06:18 --> mysqli_sql_exception: Unknown column 'post_name' in 'field list' in /var/www/html/admin_panel/system/Database/MySQLi/Connection.php:295
Stack trace:
#0 /var/www/html/admin_panel/system/Database/MySQLi/Connection.php(295): mysqli->query('INSERT INTO `po...', 0)
#1 /var/www/html/admin_panel/system/Database/BaseConnection.php(691): CodeIgniter\Database\MySQLi\Connection->execute('INSERT INTO `po...')
#2 /var/www/html/admin_panel/system/Database/BaseConnection.php(605): CodeIgniter\Database\BaseConnection->simpleQuery('INSERT INTO `po...')
#3 /var/www/html/admin_panel/system/Database/BaseBuilder.php(2309): CodeIgniter\Database\BaseConnection->query('INSERT INTO `po...', Array, false)
#4 /var/www/html/admin_panel/system/Model.php(330): CodeIgniter\Database\BaseBuilder->insert()
#5 /var/www/html/admin_panel/system/BaseModel.php(782): CodeIgniter\Model->doInsert(Array)
#6 /var/www/html/admin_panel/system/Model.php(730): CodeIgniter\BaseModel->insert(Array, false)
#7 /var/www/html/admin_panel/system/BaseModel.php(692): CodeIgniter\Model->insert(Array, false)
#8 /var/www/html/admin_panel/app/Controllers/Website_management.php(598): CodeIgniter\BaseModel->save(Array)
#9 /var/www/html/admin_panel/system/CodeIgniter.php(934): App\Controllers\Website_management->add_post()
#10 /var/www/html/admin_panel/system/CodeIgniter.php(499): CodeIgniter\CodeIgniter->runController(Object(App\Controllers\Website_management))
#11 /var/www/html/admin_panel/system/CodeIgniter.php(368): CodeIgniter\CodeIgniter->handleRequest(NULL, Object(Config\Cache), false)
#12 /var/www/html/admin_panel/index.php(67): CodeIgniter\CodeIgniter->run()
#13 {main}
CRITICAL - 2025-07-15 05:06:18 --> Unknown column 'post_name' in 'field list'
in SYSTEMPATH/Database/BaseConnection.php on line 645.
 1 SYSTEMPATH/Database/BaseBuilder.php(2309): CodeIgniter\Database\BaseConnection->query('INSERT INTO `posts` (`company_id`, `title`, `post_type`, `category`, `short_description`, `description`, `meta_keyword`, `post_name`, `meta_description`, `featured`, `file_type`, `alt`, `status`, `slug`, `datetime`) VALUES (:company_id:, :title:, :post_type:, :category:, :short_description:, :description:, :meta_keyword:, :post_name:, :meta_description:, :featured:, :file_type:, :alt:, :status:, :slug:, :datetime:)', [...], false)
 2 SYSTEMPATH/Model.php(330): CodeIgniter\Database\BaseBuilder->insert()
 3 SYSTEMPATH/BaseModel.php(782): CodeIgniter\Model->doInsert([...])
 4 SYSTEMPATH/Model.php(730): CodeIgniter\BaseModel->insert([...], false)
 5 SYSTEMPATH/BaseModel.php(692): CodeIgniter\Model->insert([...], false)
 6 APPPATH/Controllers/Website_management.php(598): CodeIgniter\BaseModel->save([...])
 7 SYSTEMPATH/CodeIgniter.php(934): App\Controllers\Website_management->add_post()
 8 SYSTEMPATH/CodeIgniter.php(499): CodeIgniter\CodeIgniter->runController(Object(App\Controllers\Website_management))
 9 SYSTEMPATH/CodeIgniter.php(368): CodeIgniter\CodeIgniter->handleRequest(null, Object(Config\Cache), false)
10 FCPATH/index.php(67): CodeIgniter\CodeIgniter->run()
ERROR - 2025-07-15 05:07:00 --> mysqli_sql_exception: Unknown column 'post_name' in 'field list' in /var/www/html/admin_panel/system/Database/MySQLi/Connection.php:295
Stack trace:
#0 /var/www/html/admin_panel/system/Database/MySQLi/Connection.php(295): mysqli->query('INSERT INTO `po...', 0)
#1 /var/www/html/admin_panel/system/Database/BaseConnection.php(691): CodeIgniter\Database\MySQLi\Connection->execute('INSERT INTO `po...')
#2 /var/www/html/admin_panel/system/Database/BaseConnection.php(605): CodeIgniter\Database\BaseConnection->simpleQuery('INSERT INTO `po...')
#3 /var/www/html/admin_panel/system/Database/BaseBuilder.php(2309): CodeIgniter\Database\BaseConnection->query('INSERT INTO `po...', Array, false)
#4 /var/www/html/admin_panel/system/Model.php(330): CodeIgniter\Database\BaseBuilder->insert()
#5 /var/www/html/admin_panel/system/BaseModel.php(782): CodeIgniter\Model->doInsert(Array)
#6 /var/www/html/admin_panel/system/Model.php(730): CodeIgniter\BaseModel->insert(Array, false)
#7 /var/www/html/admin_panel/system/BaseModel.php(692): CodeIgniter\Model->insert(Array, false)
#8 /var/www/html/admin_panel/app/Controllers/Website_management.php(598): CodeIgniter\BaseModel->save(Array)
#9 /var/www/html/admin_panel/system/CodeIgniter.php(934): App\Controllers\Website_management->add_post()
#10 /var/www/html/admin_panel/system/CodeIgniter.php(499): CodeIgniter\CodeIgniter->runController(Object(App\Controllers\Website_management))
#11 /var/www/html/admin_panel/system/CodeIgniter.php(368): CodeIgniter\CodeIgniter->handleRequest(NULL, Object(Config\Cache), false)
#12 /var/www/html/admin_panel/index.php(67): CodeIgniter\CodeIgniter->run()
#13 {main}
CRITICAL - 2025-07-15 05:07:00 --> Unknown column 'post_name' in 'field list'
in SYSTEMPATH/Database/BaseConnection.php on line 645.
 1 SYSTEMPATH/Database/BaseBuilder.php(2309): CodeIgniter\Database\BaseConnection->query('INSERT INTO `posts` (`company_id`, `title`, `post_type`, `category`, `short_description`, `description`, `meta_keyword`, `post_name`, `meta_description`, `featured`, `file_type`, `alt`, `status`, `slug`, `datetime`) VALUES (:company_id:, :title:, :post_type:, :category:, :short_description:, :description:, :meta_keyword:, :post_name:, :meta_description:, :featured:, :file_type:, :alt:, :status:, :slug:, :datetime:)', [...], false)
 2 SYSTEMPATH/Model.php(330): CodeIgniter\Database\BaseBuilder->insert()
 3 SYSTEMPATH/BaseModel.php(782): CodeIgniter\Model->doInsert([...])
 4 SYSTEMPATH/Model.php(730): CodeIgniter\BaseModel->insert([...], false)
 5 SYSTEMPATH/BaseModel.php(692): CodeIgniter\Model->insert([...], false)
 6 APPPATH/Controllers/Website_management.php(598): CodeIgniter\BaseModel->save([...])
 7 SYSTEMPATH/CodeIgniter.php(934): App\Controllers\Website_management->add_post()
 8 SYSTEMPATH/CodeIgniter.php(499): CodeIgniter\CodeIgniter->runController(Object(App\Controllers\Website_management))
 9 SYSTEMPATH/CodeIgniter.php(368): CodeIgniter\CodeIgniter->handleRequest(null, Object(Config\Cache), false)
10 FCPATH/index.php(67): CodeIgniter\CodeIgniter->run()
