CRITICAL - 2025-10-03 09:05:23 --> Class "Locale" not found
in SYSTEMPATH\CodeIgniter.php on line 194.
 1 ROOTPATH\spark(83): CodeIgniter\CodeIgniter->initialize()
CRITICAL - 2025-10-03 09:05:29 --> Class "Locale" not found
in SYSTEMPATH\CodeIgniter.php on line 194.
 1 ROOTPATH\spark(83): CodeIgniter\CodeIgniter->initialize()
CRITICAL - 2025-10-03 09:06:21 --> Class "Locale" not found
in SYSTEMPATH\CodeIgniter.php on line 194.
 1 ROOTPATH\spark(83): CodeIgniter\CodeIgniter->initialize()
CRITICAL - 2025-10-03 09:07:43 --> Class "Locale" not found
in SYSTEMPATH\CodeIgniter.php on line 194.
 1 ROOTPATH\spark(83): CodeIgniter\CodeIgniter->initialize()
CRITICAL - 2025-10-03 09:10:23 --> Class "Locale" not found
in SYSTEMPATH\CodeIgniter.php on line 194.
 1 ROOTPATH\spark(83): CodeIgniter\CodeIgniter->initialize()
CRITICAL - 2025-10-03 09:10:50 --> Class "Locale" not found
in SYSTEMPATH\CodeIgniter.php on line 194.
 1 ROOTPATH\spark(83): CodeIgniter\CodeIgniter->initialize()
CRITICAL - 2025-10-03 09:16:14 --> Undefined constant "CodeIgniter\Database\MySQLi\MYSQLI_STORE_RESULT"
in SYSTEMPATH\Database\Database.php on line 139.
 1 SYSTEMPATH\Database\Database.php(56): CodeIgniter\Database\Database->initDriver('MySQLi', 'CodeIgniter\\Database\\MySQLi\\Connection', [...])
 2 SYSTEMPATH\Database\Config.php(82): CodeIgniter\Database\Database->load([...], 'default')
 3 SYSTEMPATH\Common.php(362): CodeIgniter\Database\Config::connect('default', true)
 4 SYSTEMPATH\Database\MigrationRunner.php(151): db_connect(null)
 5 SYSTEMPATH\Config\Services.php(411): CodeIgniter\Database\MigrationRunner->__construct(null, null)
 6 SYSTEMPATH\Config\BaseService.php(252): CodeIgniter\Config\Services::migrations(Object(Config\Migrations), null, false)
 7 SYSTEMPATH\Config\BaseService.php(193): CodeIgniter\Config\BaseService::__callStatic('migrations', [...])
 8 SYSTEMPATH\Config\Services.php(406): CodeIgniter\Config\BaseService::getSharedInstance('migrations', null, null)
 9 SYSTEMPATH\Config\BaseService.php(252): CodeIgniter\Config\Services::migrations()
10 SYSTEMPATH\Commands\Database\Migrate.php(69): CodeIgniter\Config\BaseService::__callStatic('migrations', [])
11 SYSTEMPATH\CLI\Commands.php(65): CodeIgniter\Commands\Database\Migrate->run([])
12 SYSTEMPATH\CLI\Console.php(37): CodeIgniter\CLI\Commands->run('migrate', [])
13 ROOTPATH\spark(97): CodeIgniter\CLI\Console->run()
CRITICAL - 2025-10-03 09:16:23 --> Undefined constant "CodeIgniter\Database\MySQLi\MYSQLI_STORE_RESULT"
in SYSTEMPATH\Database\Database.php on line 139.
 1 SYSTEMPATH\Database\Database.php(56): CodeIgniter\Database\Database->initDriver('MySQLi', 'CodeIgniter\\Database\\MySQLi\\Connection', [...])
 2 SYSTEMPATH\Database\Config.php(82): CodeIgniter\Database\Database->load([...], 'default')
 3 SYSTEMPATH\Common.php(362): CodeIgniter\Database\Config::connect('default', true)
 4 SYSTEMPATH\Database\MigrationRunner.php(151): db_connect(null)
 5 SYSTEMPATH\Config\Services.php(411): CodeIgniter\Database\MigrationRunner->__construct(null, null)
 6 SYSTEMPATH\Config\BaseService.php(252): CodeIgniter\Config\Services::migrations(Object(Config\Migrations), null, false)
 7 SYSTEMPATH\Config\BaseService.php(193): CodeIgniter\Config\BaseService::__callStatic('migrations', [...])
 8 SYSTEMPATH\Config\Services.php(406): CodeIgniter\Config\BaseService::getSharedInstance('migrations', null, null)
 9 SYSTEMPATH\Config\BaseService.php(252): CodeIgniter\Config\Services::migrations()
10 SYSTEMPATH\Commands\Database\Migrate.php(69): CodeIgniter\Config\BaseService::__callStatic('migrations', [])
11 SYSTEMPATH\CLI\Commands.php(65): CodeIgniter\Commands\Database\Migrate->run([])
12 SYSTEMPATH\CLI\Console.php(37): CodeIgniter\CLI\Commands->run('migrate', [])
13 ROOTPATH\spark(97): CodeIgniter\CLI\Console->run()
ERROR - 2025-10-03 09:17:15 --> mysqli_sql_exception: Table 'email_msg' already exists in E:\SpriteGenix\all-india-story\admin_panel\system\Database\MySQLi\Connection.php:295
Stack trace:
#0 E:\SpriteGenix\all-india-story\admin_panel\system\Database\MySQLi\Connection.php(295): mysqli->query('CREATE TABLE `e...', 0)
#1 E:\SpriteGenix\all-india-story\admin_panel\system\Database\BaseConnection.php(691): CodeIgniter\Database\MySQLi\Connection->execute('CREATE TABLE `e...')
#2 E:\SpriteGenix\all-india-story\admin_panel\system\Database\BaseConnection.php(605): CodeIgniter\Database\BaseConnection->simpleQuery('CREATE TABLE `e...')
#3 E:\SpriteGenix\all-india-story\admin_panel\system\Database\Forge.php(546): CodeIgniter\Database\BaseConnection->query('CREATE TABLE `e...')
#4 E:\SpriteGenix\all-india-story\admin_panel\app\Database\Migrations\2025-03-13-061729_CreateEmailMsgTable.php(58): CodeIgniter\Database\Forge->createTable('email_msg')
#5 E:\SpriteGenix\all-india-story\admin_panel\system\Database\MigrationRunner.php(877): App\Database\Migrations\CreateEmailMsgTable->up()
#6 E:\SpriteGenix\all-india-story\admin_panel\system\Database\MigrationRunner.php(188): CodeIgniter\Database\MigrationRunner->migrate('up', Object(stdClass))
#7 E:\SpriteGenix\all-india-story\admin_panel\system\Commands\Database\Migrate.php(84): CodeIgniter\Database\MigrationRunner->latest(NULL)
#8 E:\SpriteGenix\all-india-story\admin_panel\system\CLI\Commands.php(65): CodeIgniter\Commands\Database\Migrate->run(Array)
#9 E:\SpriteGenix\all-india-story\admin_panel\system\CLI\Console.php(37): CodeIgniter\CLI\Commands->run('migrate', Array)
#10 E:\SpriteGenix\all-india-story\admin_panel\spark(97): CodeIgniter\CLI\Console->run()
#11 {main}
ERROR - 2025-10-03 09:23:06 --> mysqli_sql_exception: Table 'clients' already exists in E:\SpriteGenix\all-india-story\admin_panel\system\Database\MySQLi\Connection.php:295
Stack trace:
#0 E:\SpriteGenix\all-india-story\admin_panel\system\Database\MySQLi\Connection.php(295): mysqli->query('CREATE TABLE `c...', 0)
#1 E:\SpriteGenix\all-india-story\admin_panel\system\Database\BaseConnection.php(691): CodeIgniter\Database\MySQLi\Connection->execute('CREATE TABLE `c...')
#2 E:\SpriteGenix\all-india-story\admin_panel\system\Database\BaseConnection.php(605): CodeIgniter\Database\BaseConnection->simpleQuery('CREATE TABLE `c...')
#3 E:\SpriteGenix\all-india-story\admin_panel\system\Database\Forge.php(546): CodeIgniter\Database\BaseConnection->query('CREATE TABLE `c...')
#4 E:\SpriteGenix\all-india-story\admin_panel\app\Database\Migrations\2025-08-03-115453_create_clients_table.php(67): CodeIgniter\Database\Forge->createTable('clients')
#5 E:\SpriteGenix\all-india-story\admin_panel\system\Database\MigrationRunner.php(877): App\Database\Migrations\CreateClientsTable->up()
#6 E:\SpriteGenix\all-india-story\admin_panel\system\Database\MigrationRunner.php(188): CodeIgniter\Database\MigrationRunner->migrate('up', Object(stdClass))
#7 E:\SpriteGenix\all-india-story\admin_panel\system\Commands\Database\Migrate.php(84): CodeIgniter\Database\MigrationRunner->latest(NULL)
#8 E:\SpriteGenix\all-india-story\admin_panel\system\CLI\Commands.php(65): CodeIgniter\Commands\Database\Migrate->run(Array)
#9 E:\SpriteGenix\all-india-story\admin_panel\system\CLI\Console.php(37): CodeIgniter\CLI\Commands->run('migrate', Array)
#10 E:\SpriteGenix\all-india-story\admin_panel\spark(97): CodeIgniter\CLI\Console->run()
#11 {main}
ERROR - 2025-10-03 09:29:23 --> mysqli_sql_exception: Table 'clients' already exists in E:\SpriteGenix\all-india-story\admin_panel\system\Database\MySQLi\Connection.php:295
Stack trace:
#0 E:\SpriteGenix\all-india-story\admin_panel\system\Database\MySQLi\Connection.php(295): mysqli->query('CREATE TABLE `c...', 0)
#1 E:\SpriteGenix\all-india-story\admin_panel\system\Database\BaseConnection.php(691): CodeIgniter\Database\MySQLi\Connection->execute('CREATE TABLE `c...')
#2 E:\SpriteGenix\all-india-story\admin_panel\system\Database\BaseConnection.php(605): CodeIgniter\Database\BaseConnection->simpleQuery('CREATE TABLE `c...')
#3 E:\SpriteGenix\all-india-story\admin_panel\system\Database\Forge.php(546): CodeIgniter\Database\BaseConnection->query('CREATE TABLE `c...')
#4 E:\SpriteGenix\all-india-story\admin_panel\app\Database\Migrations\2025-08-03-115453_create_clients_table.php(67): CodeIgniter\Database\Forge->createTable('clients')
#5 E:\SpriteGenix\all-india-story\admin_panel\system\Database\MigrationRunner.php(877): App\Database\Migrations\CreateClientsTable->up()
#6 E:\SpriteGenix\all-india-story\admin_panel\system\Database\MigrationRunner.php(188): CodeIgniter\Database\MigrationRunner->migrate('up', Object(stdClass))
#7 E:\SpriteGenix\all-india-story\admin_panel\system\Commands\Database\Migrate.php(84): CodeIgniter\Database\MigrationRunner->latest(NULL)
#8 E:\SpriteGenix\all-india-story\admin_panel\system\CLI\Commands.php(65): CodeIgniter\Commands\Database\Migrate->run(Array)
#9 E:\SpriteGenix\all-india-story\admin_panel\system\CLI\Console.php(37): CodeIgniter\CLI\Commands->run('migrate', Array)
#10 E:\SpriteGenix\all-india-story\admin_panel\spark(97): CodeIgniter\CLI\Console->run()
#11 {main}
INFO - 2025-10-03 10:52:40 --> Session: Class initialized using 'CodeIgniter\Session\Handlers\FileHandler' driver.
INFO - 2025-10-03 10:52:42 --> Session: Class initialized using 'CodeIgniter\Session\Handlers\FileHandler' driver.
INFO - 2025-10-03 10:52:46 --> Session: Class initialized using 'CodeIgniter\Session\Handlers\FileHandler' driver.
INFO - 2025-10-03 10:52:46 --> Session: Class initialized using 'CodeIgniter\Session\Handlers\FileHandler' driver.
INFO - 2025-10-03 10:52:49 --> Session: Class initialized using 'CodeIgniter\Session\Handlers\FileHandler' driver.
INFO - 2025-10-03 10:52:49 --> Session: Class initialized using 'CodeIgniter\Session\Handlers\FileHandler' driver.
