ERROR - 2025-08-03 05:40:59 --> mysqli_sql_exception: Table 'ci4db.enquiry' doesn't exist in E:\htdocs\cricekt-blog\admin_panel\system\Database\MySQLi\Connection.php:295
Stack trace:
#0 E:\htdocs\cricekt-blog\admin_panel\system\Database\MySQLi\Connection.php(295): mysqli->query('SELECT *\nFROM `...', 0)
#1 E:\htdocs\cricekt-blog\admin_panel\system\Database\BaseConnection.php(691): CodeIgniter\Database\MySQLi\Connection->execute('SELECT *\nFROM `...')
#2 E:\htdocs\cricekt-blog\admin_panel\system\Database\BaseConnection.php(605): CodeIgniter\Database\BaseConnection->simpleQuery('SELECT *\nFROM `...')
#3 E:\htdocs\cricekt-blog\admin_panel\system\Database\BaseBuilder.php(1616): CodeIgniter\Database\BaseConnection->query('SELECT *\nFROM `...', Array, false)
#4 E:\htdocs\cricekt-blog\admin_panel\system\Model.php(241): CodeIgniter\Database\BaseBuilder->get()
#5 E:\htdocs\cricekt-blog\admin_panel\system\BaseModel.php(618): CodeIgniter\Model->doFindAll(0, 0)
#6 E:\htdocs\cricekt-blog\admin_panel\app\Controllers\Website_management.php(163): CodeIgniter\BaseModel->findAll()
#7 E:\htdocs\cricekt-blog\admin_panel\system\CodeIgniter.php(934): App\Controllers\Website_management->enquiries()
#8 E:\htdocs\cricekt-blog\admin_panel\system\CodeIgniter.php(499): CodeIgniter\CodeIgniter->runController(Object(App\Controllers\Website_management))
#9 E:\htdocs\cricekt-blog\admin_panel\system\CodeIgniter.php(368): CodeIgniter\CodeIgniter->handleRequest(NULL, Object(Config\Cache), false)
#10 E:\htdocs\cricekt-blog\admin_panel\index.php(67): CodeIgniter\CodeIgniter->run()
#11 {main}
CRITICAL - 2025-08-03 05:40:59 --> Table 'ci4db.enquiry' doesn't exist
in SYSTEMPATH\Database\BaseConnection.php on line 645.
 1 SYSTEMPATH\Database\BaseBuilder.php(1616): CodeIgniter\Database\BaseConnection->query('SELECT *
FROM `enquiry`', [], false)
 2 SYSTEMPATH\Model.php(241): CodeIgniter\Database\BaseBuilder->get()
 3 SYSTEMPATH\BaseModel.php(618): CodeIgniter\Model->doFindAll(0, 0)
 4 APPPATH\Controllers\Website_management.php(163): CodeIgniter\BaseModel->findAll()
 5 SYSTEMPATH\CodeIgniter.php(934): App\Controllers\Website_management->enquiries()
 6 SYSTEMPATH\CodeIgniter.php(499): CodeIgniter\CodeIgniter->runController(Object(App\Controllers\Website_management))
 7 SYSTEMPATH\CodeIgniter.php(368): CodeIgniter\CodeIgniter->handleRequest(null, Object(Config\Cache), false)
 8 FCPATH\index.php(67): CodeIgniter\CodeIgniter->run()
ERROR - 2025-08-03 05:44:59 --> mysqli_sql_exception: Table 'email_msg' already exists in E:\htdocs\cricekt-blog\admin_panel\system\Database\MySQLi\Connection.php:295
Stack trace:
#0 E:\htdocs\cricekt-blog\admin_panel\system\Database\MySQLi\Connection.php(295): mysqli->query('CREATE TABLE `e...', 0)
#1 E:\htdocs\cricekt-blog\admin_panel\system\Database\BaseConnection.php(691): CodeIgniter\Database\MySQLi\Connection->execute('CREATE TABLE `e...')
#2 E:\htdocs\cricekt-blog\admin_panel\system\Database\BaseConnection.php(605): CodeIgniter\Database\BaseConnection->simpleQuery('CREATE TABLE `e...')
#3 E:\htdocs\cricekt-blog\admin_panel\system\Database\Forge.php(546): CodeIgniter\Database\BaseConnection->query('CREATE TABLE `e...')
#4 E:\htdocs\cricekt-blog\admin_panel\app\Database\Migrations\2025-03-13-061729_CreateEmailMsgTable.php(58): CodeIgniter\Database\Forge->createTable('email_msg')
#5 E:\htdocs\cricekt-blog\admin_panel\system\Database\MigrationRunner.php(877): App\Database\Migrations\CreateEmailMsgTable->up()
#6 E:\htdocs\cricekt-blog\admin_panel\system\Database\MigrationRunner.php(188): CodeIgniter\Database\MigrationRunner->migrate('up', Object(stdClass))
#7 E:\htdocs\cricekt-blog\admin_panel\system\Commands\Database\Migrate.php(84): CodeIgniter\Database\MigrationRunner->latest(NULL)
#8 E:\htdocs\cricekt-blog\admin_panel\system\CLI\Commands.php(65): CodeIgniter\Commands\Database\Migrate->run(Array)
#9 E:\htdocs\cricekt-blog\admin_panel\system\CLI\Console.php(37): CodeIgniter\CLI\Commands->run('migrate', Array)
#10 E:\htdocs\cricekt-blog\admin_panel\spark(97): CodeIgniter\CLI\Console->run()
#11 {main}
ERROR - 2025-08-03 05:46:46 --> mysqli_sql_exception: Table 'ci4db.enquiry' doesn't exist in E:\htdocs\cricekt-blog\admin_panel\system\Database\MySQLi\Connection.php:295
Stack trace:
#0 E:\htdocs\cricekt-blog\admin_panel\system\Database\MySQLi\Connection.php(295): mysqli->query('SELECT *\nFROM `...', 0)
#1 E:\htdocs\cricekt-blog\admin_panel\system\Database\BaseConnection.php(691): CodeIgniter\Database\MySQLi\Connection->execute('SELECT *\nFROM `...')
#2 E:\htdocs\cricekt-blog\admin_panel\system\Database\BaseConnection.php(605): CodeIgniter\Database\BaseConnection->simpleQuery('SELECT *\nFROM `...')
#3 E:\htdocs\cricekt-blog\admin_panel\system\Database\BaseBuilder.php(1616): CodeIgniter\Database\BaseConnection->query('SELECT *\nFROM `...', Array, false)
#4 E:\htdocs\cricekt-blog\admin_panel\system\Model.php(241): CodeIgniter\Database\BaseBuilder->get()
#5 E:\htdocs\cricekt-blog\admin_panel\system\BaseModel.php(618): CodeIgniter\Model->doFindAll(0, 0)
#6 E:\htdocs\cricekt-blog\admin_panel\app\Controllers\Website_management.php(163): CodeIgniter\BaseModel->findAll()
#7 E:\htdocs\cricekt-blog\admin_panel\system\CodeIgniter.php(934): App\Controllers\Website_management->enquiries()
#8 E:\htdocs\cricekt-blog\admin_panel\system\CodeIgniter.php(499): CodeIgniter\CodeIgniter->runController(Object(App\Controllers\Website_management))
#9 E:\htdocs\cricekt-blog\admin_panel\system\CodeIgniter.php(368): CodeIgniter\CodeIgniter->handleRequest(NULL, Object(Config\Cache), false)
#10 E:\htdocs\cricekt-blog\admin_panel\index.php(67): CodeIgniter\CodeIgniter->run()
#11 {main}
CRITICAL - 2025-08-03 05:46:46 --> Table 'ci4db.enquiry' doesn't exist
in SYSTEMPATH\Database\BaseConnection.php on line 645.
 1 SYSTEMPATH\Database\BaseBuilder.php(1616): CodeIgniter\Database\BaseConnection->query('SELECT *
FROM `enquiry`', [], false)
 2 SYSTEMPATH\Model.php(241): CodeIgniter\Database\BaseBuilder->get()
 3 SYSTEMPATH\BaseModel.php(618): CodeIgniter\Model->doFindAll(0, 0)
 4 APPPATH\Controllers\Website_management.php(163): CodeIgniter\BaseModel->findAll()
 5 SYSTEMPATH\CodeIgniter.php(934): App\Controllers\Website_management->enquiries()
 6 SYSTEMPATH\CodeIgniter.php(499): CodeIgniter\CodeIgniter->runController(Object(App\Controllers\Website_management))
 7 SYSTEMPATH\CodeIgniter.php(368): CodeIgniter\CodeIgniter->handleRequest(null, Object(Config\Cache), false)
 8 FCPATH\index.php(67): CodeIgniter\CodeIgniter->run()
ERROR - 2025-08-03 05:47:38 --> mysqli_sql_exception: Table 'ci4db.enquiry' doesn't exist in E:\htdocs\cricekt-blog\admin_panel\system\Database\MySQLi\Connection.php:295
Stack trace:
#0 E:\htdocs\cricekt-blog\admin_panel\system\Database\MySQLi\Connection.php(295): mysqli->query('SELECT *\nFROM `...', 0)
#1 E:\htdocs\cricekt-blog\admin_panel\system\Database\BaseConnection.php(691): CodeIgniter\Database\MySQLi\Connection->execute('SELECT *\nFROM `...')
#2 E:\htdocs\cricekt-blog\admin_panel\system\Database\BaseConnection.php(605): CodeIgniter\Database\BaseConnection->simpleQuery('SELECT *\nFROM `...')
#3 E:\htdocs\cricekt-blog\admin_panel\system\Database\BaseBuilder.php(1616): CodeIgniter\Database\BaseConnection->query('SELECT *\nFROM `...', Array, false)
#4 E:\htdocs\cricekt-blog\admin_panel\system\Model.php(241): CodeIgniter\Database\BaseBuilder->get()
#5 E:\htdocs\cricekt-blog\admin_panel\system\BaseModel.php(618): CodeIgniter\Model->doFindAll(0, 0)
#6 E:\htdocs\cricekt-blog\admin_panel\app\Controllers\Website_management.php(163): CodeIgniter\BaseModel->findAll()
#7 E:\htdocs\cricekt-blog\admin_panel\system\CodeIgniter.php(934): App\Controllers\Website_management->enquiries()
#8 E:\htdocs\cricekt-blog\admin_panel\system\CodeIgniter.php(499): CodeIgniter\CodeIgniter->runController(Object(App\Controllers\Website_management))
#9 E:\htdocs\cricekt-blog\admin_panel\system\CodeIgniter.php(368): CodeIgniter\CodeIgniter->handleRequest(NULL, Object(Config\Cache), false)
#10 E:\htdocs\cricekt-blog\admin_panel\index.php(67): CodeIgniter\CodeIgniter->run()
#11 {main}
CRITICAL - 2025-08-03 05:47:38 --> Table 'ci4db.enquiry' doesn't exist
in SYSTEMPATH\Database\BaseConnection.php on line 645.
 1 SYSTEMPATH\Database\BaseBuilder.php(1616): CodeIgniter\Database\BaseConnection->query('SELECT *
FROM `enquiry`', [], false)
 2 SYSTEMPATH\Model.php(241): CodeIgniter\Database\BaseBuilder->get()
 3 SYSTEMPATH\BaseModel.php(618): CodeIgniter\Model->doFindAll(0, 0)
 4 APPPATH\Controllers\Website_management.php(163): CodeIgniter\BaseModel->findAll()
 5 SYSTEMPATH\CodeIgniter.php(934): App\Controllers\Website_management->enquiries()
 6 SYSTEMPATH\CodeIgniter.php(499): CodeIgniter\CodeIgniter->runController(Object(App\Controllers\Website_management))
 7 SYSTEMPATH\CodeIgniter.php(368): CodeIgniter\CodeIgniter->handleRequest(null, Object(Config\Cache), false)
 8 FCPATH\index.php(67): CodeIgniter\CodeIgniter->run()
ERROR - 2025-08-03 05:55:39 --> mysqli_sql_exception: Table 'clients' already exists in E:\htdocs\cricekt-blog\admin_panel\system\Database\MySQLi\Connection.php:295
Stack trace:
#0 E:\htdocs\cricekt-blog\admin_panel\system\Database\MySQLi\Connection.php(295): mysqli->query('CREATE TABLE `c...', 0)
#1 E:\htdocs\cricekt-blog\admin_panel\system\Database\BaseConnection.php(691): CodeIgniter\Database\MySQLi\Connection->execute('CREATE TABLE `c...')
#2 E:\htdocs\cricekt-blog\admin_panel\system\Database\BaseConnection.php(605): CodeIgniter\Database\BaseConnection->simpleQuery('CREATE TABLE `c...')
#3 E:\htdocs\cricekt-blog\admin_panel\system\Database\Forge.php(546): CodeIgniter\Database\BaseConnection->query('CREATE TABLE `c...')
#4 E:\htdocs\cricekt-blog\admin_panel\app\Database\Migrations\2025-08-03-115453_create_clients_table.php(67): CodeIgniter\Database\Forge->createTable('clients')
#5 E:\htdocs\cricekt-blog\admin_panel\system\Database\MigrationRunner.php(877): App\Database\Migrations\CreateClientsTable->up()
#6 E:\htdocs\cricekt-blog\admin_panel\system\Database\MigrationRunner.php(188): CodeIgniter\Database\MigrationRunner->migrate('up', Object(stdClass))
#7 E:\htdocs\cricekt-blog\admin_panel\system\Commands\Database\Migrate.php(84): CodeIgniter\Database\MigrationRunner->latest(NULL)
#8 E:\htdocs\cricekt-blog\admin_panel\system\CLI\Commands.php(65): CodeIgniter\Commands\Database\Migrate->run(Array)
#9 E:\htdocs\cricekt-blog\admin_panel\system\CLI\Console.php(37): CodeIgniter\CLI\Commands->run('migrate', Array)
#10 E:\htdocs\cricekt-blog\admin_panel\spark(97): CodeIgniter\CLI\Console->run()
#11 {main}
CRITICAL - 2025-08-03 05:56:30 --> Trying to access array offset on null
in APPPATH\Views\website_management\posts.php on line 84.
 1 APPPATH\Views\website_management\posts.php(84): CodeIgniter\Debug\Exceptions->errorHandler(2, 'Trying to access array offset on null', 'APPPATH\\Views\\website_management\\posts.php', 84)
 2 SYSTEMPATH\View\View.php(213): include('APPPATH\\Views\\website_management\\posts.php')
 3 SYSTEMPATH\View\View.php(216): CodeIgniter\View\View->CodeIgniter\View\{closure}()
 4 SYSTEMPATH\Common.php(1184): CodeIgniter\View\View->render('website_management/posts', [], true)
 5 APPPATH\Controllers\Website_management.php(296): view('website_management/posts', [...])
 6 SYSTEMPATH\CodeIgniter.php(934): App\Controllers\Website_management->posts()
 7 SYSTEMPATH\CodeIgniter.php(499): CodeIgniter\CodeIgniter->runController(Object(App\Controllers\Website_management))
 8 SYSTEMPATH\CodeIgniter.php(368): CodeIgniter\CodeIgniter->handleRequest(null, Object(Config\Cache), false)
 9 FCPATH\index.php(67): CodeIgniter\CodeIgniter->run()
ERROR - 2025-08-03 05:56:55 --> mysqli_sql_exception: Table 'ci4db.enquiry' doesn't exist in E:\htdocs\cricekt-blog\admin_panel\system\Database\MySQLi\Connection.php:295
Stack trace:
#0 E:\htdocs\cricekt-blog\admin_panel\system\Database\MySQLi\Connection.php(295): mysqli->query('SELECT *\nFROM `...', 0)
#1 E:\htdocs\cricekt-blog\admin_panel\system\Database\BaseConnection.php(691): CodeIgniter\Database\MySQLi\Connection->execute('SELECT *\nFROM `...')
#2 E:\htdocs\cricekt-blog\admin_panel\system\Database\BaseConnection.php(605): CodeIgniter\Database\BaseConnection->simpleQuery('SELECT *\nFROM `...')
#3 E:\htdocs\cricekt-blog\admin_panel\system\Database\BaseBuilder.php(1616): CodeIgniter\Database\BaseConnection->query('SELECT *\nFROM `...', Array, false)
#4 E:\htdocs\cricekt-blog\admin_panel\system\Model.php(241): CodeIgniter\Database\BaseBuilder->get()
#5 E:\htdocs\cricekt-blog\admin_panel\system\BaseModel.php(618): CodeIgniter\Model->doFindAll(0, 0)
#6 E:\htdocs\cricekt-blog\admin_panel\app\Controllers\Website_management.php(163): CodeIgniter\BaseModel->findAll()
#7 E:\htdocs\cricekt-blog\admin_panel\system\CodeIgniter.php(934): App\Controllers\Website_management->enquiries()
#8 E:\htdocs\cricekt-blog\admin_panel\system\CodeIgniter.php(499): CodeIgniter\CodeIgniter->runController(Object(App\Controllers\Website_management))
#9 E:\htdocs\cricekt-blog\admin_panel\system\CodeIgniter.php(368): CodeIgniter\CodeIgniter->handleRequest(NULL, Object(Config\Cache), false)
#10 E:\htdocs\cricekt-blog\admin_panel\index.php(67): CodeIgniter\CodeIgniter->run()
#11 {main}
CRITICAL - 2025-08-03 05:56:55 --> Table 'ci4db.enquiry' doesn't exist
in SYSTEMPATH\Database\BaseConnection.php on line 645.
 1 SYSTEMPATH\Database\BaseBuilder.php(1616): CodeIgniter\Database\BaseConnection->query('SELECT *
FROM `enquiry`', [], false)
 2 SYSTEMPATH\Model.php(241): CodeIgniter\Database\BaseBuilder->get()
 3 SYSTEMPATH\BaseModel.php(618): CodeIgniter\Model->doFindAll(0, 0)
 4 APPPATH\Controllers\Website_management.php(163): CodeIgniter\BaseModel->findAll()
 5 SYSTEMPATH\CodeIgniter.php(934): App\Controllers\Website_management->enquiries()
 6 SYSTEMPATH\CodeIgniter.php(499): CodeIgniter\CodeIgniter->runController(Object(App\Controllers\Website_management))
 7 SYSTEMPATH\CodeIgniter.php(368): CodeIgniter\CodeIgniter->handleRequest(null, Object(Config\Cache), false)
 8 FCPATH\index.php(67): CodeIgniter\CodeIgniter->run()
CRITICAL - 2025-08-03 05:57:09 --> Trying to access array offset on null
in APPPATH\Views\website_management\social_media.php on line 52.
 1 APPPATH\Views\website_management\social_media.php(52): CodeIgniter\Debug\Exceptions->errorHandler(2, 'Trying to access array offset on null', 'APPPATH\\Views\\website_management\\social_media.php', 52)
 2 SYSTEMPATH\View\View.php(213): include('APPPATH\\Views\\website_management\\social_media.php')
 3 SYSTEMPATH\View\View.php(216): CodeIgniter\View\View->CodeIgniter\View\{closure}()
 4 SYSTEMPATH\Common.php(1184): CodeIgniter\View\View->render('website_management/social_media', [], true)
 5 APPPATH\Controllers\Website_management.php(213): view('website_management/social_media', [...])
 6 SYSTEMPATH\CodeIgniter.php(934): App\Controllers\Website_management->social_media()
 7 SYSTEMPATH\CodeIgniter.php(499): CodeIgniter\CodeIgniter->runController(Object(App\Controllers\Website_management))
 8 SYSTEMPATH\CodeIgniter.php(368): CodeIgniter\CodeIgniter->handleRequest(null, Object(Config\Cache), false)
 9 FCPATH\index.php(67): CodeIgniter\CodeIgniter->run()
CRITICAL - 2025-08-03 05:57:20 --> Trying to access array offset on null
in APPPATH\Views\website_management\clients.php on line 52.
 1 APPPATH\Views\website_management\clients.php(52): CodeIgniter\Debug\Exceptions->errorHandler(2, 'Trying to access array offset on null', 'APPPATH\\Views\\website_management\\clients.php', 52)
 2 SYSTEMPATH\View\View.php(213): include('APPPATH\\Views\\website_management\\clients.php')
 3 SYSTEMPATH\View\View.php(216): CodeIgniter\View\View->CodeIgniter\View\{closure}()
 4 SYSTEMPATH\Common.php(1184): CodeIgniter\View\View->render('website_management/clients', [], true)
 5 APPPATH\Controllers\Website_management.php(989): view('website_management/clients', [...])
 6 SYSTEMPATH\CodeIgniter.php(934): App\Controllers\Website_management->clients()
 7 SYSTEMPATH\CodeIgniter.php(499): CodeIgniter\CodeIgniter->runController(Object(App\Controllers\Website_management))
 8 SYSTEMPATH\CodeIgniter.php(368): CodeIgniter\CodeIgniter->handleRequest(null, Object(Config\Cache), false)
 9 FCPATH\index.php(67): CodeIgniter\CodeIgniter->run()
ERROR - 2025-08-03 05:58:29 --> mysqli_sql_exception: Table 'clients' already exists in E:\htdocs\cricekt-blog\admin_panel\system\Database\MySQLi\Connection.php:295
Stack trace:
#0 E:\htdocs\cricekt-blog\admin_panel\system\Database\MySQLi\Connection.php(295): mysqli->query('CREATE TABLE `c...', 0)
#1 E:\htdocs\cricekt-blog\admin_panel\system\Database\BaseConnection.php(691): CodeIgniter\Database\MySQLi\Connection->execute('CREATE TABLE `c...')
#2 E:\htdocs\cricekt-blog\admin_panel\system\Database\BaseConnection.php(605): CodeIgniter\Database\BaseConnection->simpleQuery('CREATE TABLE `c...')
#3 E:\htdocs\cricekt-blog\admin_panel\system\Database\Forge.php(546): CodeIgniter\Database\BaseConnection->query('CREATE TABLE `c...')
#4 E:\htdocs\cricekt-blog\admin_panel\app\Database\Migrations\2025-08-03-115453_create_clients_table.php(67): CodeIgniter\Database\Forge->createTable('clients')
#5 E:\htdocs\cricekt-blog\admin_panel\system\Database\MigrationRunner.php(877): App\Database\Migrations\CreateClientsTable->up()
#6 E:\htdocs\cricekt-blog\admin_panel\system\Database\MigrationRunner.php(188): CodeIgniter\Database\MigrationRunner->migrate('up', Object(stdClass))
#7 E:\htdocs\cricekt-blog\admin_panel\system\Commands\Database\Migrate.php(84): CodeIgniter\Database\MigrationRunner->latest(NULL)
#8 E:\htdocs\cricekt-blog\admin_panel\system\CLI\Commands.php(65): CodeIgniter\Commands\Database\Migrate->run(Array)
#9 E:\htdocs\cricekt-blog\admin_panel\system\CLI\Console.php(37): CodeIgniter\CLI\Commands->run('migrate', Array)
#10 E:\htdocs\cricekt-blog\admin_panel\spark(97): CodeIgniter\CLI\Console->run()
#11 {main}
CRITICAL - 2025-08-03 06:05:07 --> Trying to access array offset on null
in APPPATH\Views\website_management\reviews.php on line 52.
 1 APPPATH\Views\website_management\reviews.php(52): CodeIgniter\Debug\Exceptions->errorHandler(2, 'Trying to access array offset on null', 'APPPATH\\Views\\website_management\\reviews.php', 52)
 2 SYSTEMPATH\View\View.php(213): include('APPPATH\\Views\\website_management\\reviews.php')
 3 SYSTEMPATH\View\View.php(216): CodeIgniter\View\View->CodeIgniter\View\{closure}()
 4 SYSTEMPATH\Common.php(1184): CodeIgniter\View\View->render('website_management/reviews', [], true)
 5 APPPATH\Controllers\Website_management.php(861): view('website_management/reviews', [...])
 6 SYSTEMPATH\CodeIgniter.php(934): App\Controllers\Website_management->reviews()
 7 SYSTEMPATH\CodeIgniter.php(499): CodeIgniter\CodeIgniter->runController(Object(App\Controllers\Website_management))
 8 SYSTEMPATH\CodeIgniter.php(368): CodeIgniter\CodeIgniter->handleRequest(null, Object(Config\Cache), false)
 9 FCPATH\index.php(67): CodeIgniter\CodeIgniter->run()
CRITICAL - 2025-08-03 06:05:45 --> Trying to access array offset on null
in APPPATH\Views\website_management\reviews.php on line 52.
 1 APPPATH\Views\website_management\reviews.php(52): CodeIgniter\Debug\Exceptions->errorHandler(2, 'Trying to access array offset on null', 'APPPATH\\Views\\website_management\\reviews.php', 52)
 2 SYSTEMPATH\View\View.php(213): include('APPPATH\\Views\\website_management\\reviews.php')
 3 SYSTEMPATH\View\View.php(216): CodeIgniter\View\View->CodeIgniter\View\{closure}()
 4 SYSTEMPATH\Common.php(1184): CodeIgniter\View\View->render('website_management/reviews', [], true)
 5 APPPATH\Controllers\Website_management.php(861): view('website_management/reviews', [...])
 6 SYSTEMPATH\CodeIgniter.php(934): App\Controllers\Website_management->reviews()
 7 SYSTEMPATH\CodeIgniter.php(499): CodeIgniter\CodeIgniter->runController(Object(App\Controllers\Website_management))
 8 SYSTEMPATH\CodeIgniter.php(368): CodeIgniter\CodeIgniter->handleRequest(null, Object(Config\Cache), false)
 9 FCPATH\index.php(67): CodeIgniter\CodeIgniter->run()
