ERROR - 2025-03-13 06:16:32 --> Error connecting to the database: mysqli_sql_exception: Access denied for user ''@'localhost' (using password: NO) in C:\xampp\htdocs\admin_panel\system\Database\MySQLi\Connection.php:173
Stack trace:
#0 C:\xampp\htdocs\admin_panel\system\Database\MySQLi\Connection.php(173): mysqli->real_connect('localhost', '', Object(SensitiveParameterValue), 'cricket_db', 3306, '', 0)
#1 C:\xampp\htdocs\admin_panel\system\Database\BaseConnection.php(391): CodeIgniter\Database\MySQLi\Connection->connect(false)
#2 C:\xampp\htdocs\admin_panel\system\Database\BaseConnection.php(573): CodeIgniter\Database\BaseConnection->initialize()
#3 C:\xampp\htdocs\admin_panel\system\Database\BaseConnection.php(1408): CodeIgniter\Database\BaseConnection->query('SHOW TABLES FRO...')
#4 C:\xampp\htdocs\admin_panel\system\Database\BaseConnection.php(1427): CodeIgniter\Database\BaseConnection->listTables()
#5 C:\xampp\htdocs\admin_panel\system\Database\MigrationRunner.php(768): CodeIgniter\Database\BaseConnection->tableExists('migrations')
#6 C:\xampp\htdocs\admin_panel\system\Database\MigrationRunner.php(168): CodeIgniter\Database\MigrationRunner->ensureTable()
#7 C:\xampp\htdocs\admin_panel\system\Commands\Database\Migrate.php(84): CodeIgniter\Database\MigrationRunner->latest(NULL)
#8 C:\xampp\htdocs\admin_panel\system\CLI\Commands.php(65): CodeIgniter\Commands\Database\Migrate->run(Array)
#9 C:\xampp\htdocs\admin_panel\system\CLI\Console.php(37): CodeIgniter\CLI\Commands->run('migrate', Array)
#10 C:\xampp\htdocs\admin_panel\spark(97): CodeIgniter\CLI\Console->run()
#11 {main}

Next CodeIgniter\Database\Exceptions\DatabaseException: Access denied for user ''@'localhost' (using password: NO) in C:\xampp\htdocs\admin_panel\system\Database\MySQLi\Connection.php:218
Stack trace:
#0 C:\xampp\htdocs\admin_panel\system\Database\BaseConnection.php(391): CodeIgniter\Database\MySQLi\Connection->connect(false)
#1 C:\xampp\htdocs\admin_panel\system\Database\BaseConnection.php(573): CodeIgniter\Database\BaseConnection->initialize()
#2 C:\xampp\htdocs\admin_panel\system\Database\BaseConnection.php(1408): CodeIgniter\Database\BaseConnection->query('SHOW TABLES FRO...')
#3 C:\xampp\htdocs\admin_panel\system\Database\BaseConnection.php(1427): CodeIgniter\Database\BaseConnection->listTables()
#4 C:\xampp\htdocs\admin_panel\system\Database\MigrationRunner.php(768): CodeIgniter\Database\BaseConnection->tableExists('migrations')
#5 C:\xampp\htdocs\admin_panel\system\Database\MigrationRunner.php(168): CodeIgniter\Database\MigrationRunner->ensureTable()
#6 C:\xampp\htdocs\admin_panel\system\Commands\Database\Migrate.php(84): CodeIgniter\Database\MigrationRunner->latest(NULL)
#7 C:\xampp\htdocs\admin_panel\system\CLI\Commands.php(65): CodeIgniter\Commands\Database\Migrate->run(Array)
#8 C:\xampp\htdocs\admin_panel\system\CLI\Console.php(37): CodeIgniter\CLI\Commands->run('migrate', Array)
#9 C:\xampp\htdocs\admin_panel\spark(97): CodeIgniter\CLI\Console->run()
#10 {main}
CRITICAL - 2025-03-13 07:38:32 --> Trying to access array offset on value of type null
in APPPATH\Views\website_management\email.php on line 52.
 1 APPPATH\Views\website_management\email.php(52): CodeIgniter\Debug\Exceptions->errorHandler(2, 'Trying to access array offset on value of type null', 'APPPATH\\Views\\website_management\\email.php', 52)
 2 SYSTEMPATH\View\View.php(213): include('APPPATH\\Views\\website_management\\email.php')
 3 SYSTEMPATH\View\View.php(216): CodeIgniter\View\View->CodeIgniter\View\{closure}()
 4 SYSTEMPATH\Common.php(1184): CodeIgniter\View\View->render('website_management/email', [], true)
 5 APPPATH\Controllers\Website_management.php(136): view('website_management/email', [...])
 6 SYSTEMPATH\CodeIgniter.php(934): App\Controllers\Website_management->allMails()
 7 SYSTEMPATH\CodeIgniter.php(499): CodeIgniter\CodeIgniter->runController(Object(App\Controllers\Website_management))
 8 SYSTEMPATH\CodeIgniter.php(368): CodeIgniter\CodeIgniter->handleRequest(null, Object(Config\Cache), false)
 9 FCPATH\index.php(67): CodeIgniter\CodeIgniter->run()
CRITICAL - 2025-03-13 07:38:37 --> Trying to access array offset on value of type null
in APPPATH\Views\website_management\reviews.php on line 52.
 1 APPPATH\Views\website_management\reviews.php(52): CodeIgniter\Debug\Exceptions->errorHandler(2, 'Trying to access array offset on value of type null', 'APPPATH\\Views\\website_management\\reviews.php', 52)
 2 SYSTEMPATH\View\View.php(213): include('APPPATH\\Views\\website_management\\reviews.php')
 3 SYSTEMPATH\View\View.php(216): CodeIgniter\View\View->CodeIgniter\View\{closure}()
 4 SYSTEMPATH\Common.php(1184): CodeIgniter\View\View->render('website_management/reviews', [], true)
 5 APPPATH\Controllers\Website_management.php(795): view('website_management/reviews', [...])
 6 SYSTEMPATH\CodeIgniter.php(934): App\Controllers\Website_management->reviews()
 7 SYSTEMPATH\CodeIgniter.php(499): CodeIgniter\CodeIgniter->runController(Object(App\Controllers\Website_management))
 8 SYSTEMPATH\CodeIgniter.php(368): CodeIgniter\CodeIgniter->handleRequest(null, Object(Config\Cache), false)
 9 FCPATH\index.php(67): CodeIgniter\CodeIgniter->run()
CRITICAL - 2025-03-13 07:38:40 --> Trying to access array offset on value of type null
in APPPATH\Views\website_management\email.php on line 52.
 1 APPPATH\Views\website_management\email.php(52): CodeIgniter\Debug\Exceptions->errorHandler(2, 'Trying to access array offset on value of type null', 'APPPATH\\Views\\website_management\\email.php', 52)
 2 SYSTEMPATH\View\View.php(213): include('APPPATH\\Views\\website_management\\email.php')
 3 SYSTEMPATH\View\View.php(216): CodeIgniter\View\View->CodeIgniter\View\{closure}()
 4 SYSTEMPATH\Common.php(1184): CodeIgniter\View\View->render('website_management/email', [], true)
 5 APPPATH\Controllers\Website_management.php(136): view('website_management/email', [...])
 6 SYSTEMPATH\CodeIgniter.php(934): App\Controllers\Website_management->allMails()
 7 SYSTEMPATH\CodeIgniter.php(499): CodeIgniter\CodeIgniter->runController(Object(App\Controllers\Website_management))
 8 SYSTEMPATH\CodeIgniter.php(368): CodeIgniter\CodeIgniter->handleRequest(null, Object(Config\Cache), false)
 9 FCPATH\index.php(67): CodeIgniter\CodeIgniter->run()
CRITICAL - 2025-03-13 07:38:43 --> Trying to access array offset on value of type null
in APPPATH\Views\website_management\email.php on line 52.
 1 APPPATH\Views\website_management\email.php(52): CodeIgniter\Debug\Exceptions->errorHandler(2, 'Trying to access array offset on value of type null', 'APPPATH\\Views\\website_management\\email.php', 52)
 2 SYSTEMPATH\View\View.php(213): include('APPPATH\\Views\\website_management\\email.php')
 3 SYSTEMPATH\View\View.php(216): CodeIgniter\View\View->CodeIgniter\View\{closure}()
 4 SYSTEMPATH\Common.php(1184): CodeIgniter\View\View->render('website_management/email', [], true)
 5 APPPATH\Controllers\Website_management.php(136): view('website_management/email', [...])
 6 SYSTEMPATH\CodeIgniter.php(934): App\Controllers\Website_management->allMails()
 7 SYSTEMPATH\CodeIgniter.php(499): CodeIgniter\CodeIgniter->runController(Object(App\Controllers\Website_management))
 8 SYSTEMPATH\CodeIgniter.php(368): CodeIgniter\CodeIgniter->handleRequest(null, Object(Config\Cache), false)
 9 FCPATH\index.php(67): CodeIgniter\CodeIgniter->run()
CRITICAL - 2025-03-13 07:40:29 --> Trying to access array offset on value of type null
in APPPATH\Views\website_management\email.php on line 52.
 1 APPPATH\Views\website_management\email.php(52): CodeIgniter\Debug\Exceptions->errorHandler(2, 'Trying to access array offset on value of type null', 'APPPATH\\Views\\website_management\\email.php', 52)
 2 SYSTEMPATH\View\View.php(213): include('APPPATH\\Views\\website_management\\email.php')
 3 SYSTEMPATH\View\View.php(216): CodeIgniter\View\View->CodeIgniter\View\{closure}()
 4 SYSTEMPATH\Common.php(1184): CodeIgniter\View\View->render('website_management/email', [], true)
 5 APPPATH\Controllers\Website_management.php(136): view('website_management/email', [...])
 6 SYSTEMPATH\CodeIgniter.php(934): App\Controllers\Website_management->allMails()
 7 SYSTEMPATH\CodeIgniter.php(499): CodeIgniter\CodeIgniter->runController(Object(App\Controllers\Website_management))
 8 SYSTEMPATH\CodeIgniter.php(368): CodeIgniter\CodeIgniter->handleRequest(null, Object(Config\Cache), false)
 9 FCPATH\index.php(67): CodeIgniter\CodeIgniter->run()
CRITICAL - 2025-03-13 07:40:31 --> Trying to access array offset on value of type null
in APPPATH\Views\website_management\email.php on line 52.
 1 APPPATH\Views\website_management\email.php(52): CodeIgniter\Debug\Exceptions->errorHandler(2, 'Trying to access array offset on value of type null', 'APPPATH\\Views\\website_management\\email.php', 52)
 2 SYSTEMPATH\View\View.php(213): include('APPPATH\\Views\\website_management\\email.php')
 3 SYSTEMPATH\View\View.php(216): CodeIgniter\View\View->CodeIgniter\View\{closure}()
 4 SYSTEMPATH\Common.php(1184): CodeIgniter\View\View->render('website_management/email', [], true)
 5 APPPATH\Controllers\Website_management.php(136): view('website_management/email', [...])
 6 SYSTEMPATH\CodeIgniter.php(934): App\Controllers\Website_management->allMails()
 7 SYSTEMPATH\CodeIgniter.php(499): CodeIgniter\CodeIgniter->runController(Object(App\Controllers\Website_management))
 8 SYSTEMPATH\CodeIgniter.php(368): CodeIgniter\CodeIgniter->handleRequest(null, Object(Config\Cache), false)
 9 FCPATH\index.php(67): CodeIgniter\CodeIgniter->run()
ERROR - 2025-03-13 07:42:34 --> mysqli_sql_exception: Table 'example_db.clients' doesn't exist in C:\xampp\htdocs\admin_panel\system\Database\MySQLi\Connection.php:295
Stack trace:
#0 C:\xampp\htdocs\admin_panel\system\Database\MySQLi\Connection.php(295): mysqli->query('SELECT *\nFROM `...', 0)
#1 C:\xampp\htdocs\admin_panel\system\Database\BaseConnection.php(691): CodeIgniter\Database\MySQLi\Connection->execute('SELECT *\nFROM `...')
#2 C:\xampp\htdocs\admin_panel\system\Database\BaseConnection.php(605): CodeIgniter\Database\BaseConnection->simpleQuery('SELECT *\nFROM `...')
#3 C:\xampp\htdocs\admin_panel\system\Database\BaseBuilder.php(1616): CodeIgniter\Database\BaseConnection->query('SELECT *\nFROM `...', Array, false)
#4 C:\xampp\htdocs\admin_panel\system\Model.php(241): CodeIgniter\Database\BaseBuilder->get()
#5 C:\xampp\htdocs\admin_panel\system\BaseModel.php(618): CodeIgniter\Model->doFindAll(0, 0)
#6 C:\xampp\htdocs\admin_panel\app\Controllers\Website_management.php(916): CodeIgniter\BaseModel->findAll()
#7 C:\xampp\htdocs\admin_panel\system\CodeIgniter.php(934): App\Controllers\Website_management->clients()
#8 C:\xampp\htdocs\admin_panel\system\CodeIgniter.php(499): CodeIgniter\CodeIgniter->runController(Object(App\Controllers\Website_management))
#9 C:\xampp\htdocs\admin_panel\system\CodeIgniter.php(368): CodeIgniter\CodeIgniter->handleRequest(NULL, Object(Config\Cache), false)
#10 C:\xampp\htdocs\admin_panel\index.php(67): CodeIgniter\CodeIgniter->run()
#11 {main}
CRITICAL - 2025-03-13 07:42:34 --> Table 'example_db.clients' doesn't exist
in SYSTEMPATH\Database\BaseConnection.php on line 645.
 1 SYSTEMPATH\Database\BaseBuilder.php(1616): CodeIgniter\Database\BaseConnection->query('SELECT *
FROM `clients`', [], false)
 2 SYSTEMPATH\Model.php(241): CodeIgniter\Database\BaseBuilder->get()
 3 SYSTEMPATH\BaseModel.php(618): CodeIgniter\Model->doFindAll(0, 0)
 4 APPPATH\Controllers\Website_management.php(916): CodeIgniter\BaseModel->findAll()
 5 SYSTEMPATH\CodeIgniter.php(934): App\Controllers\Website_management->clients()
 6 SYSTEMPATH\CodeIgniter.php(499): CodeIgniter\CodeIgniter->runController(Object(App\Controllers\Website_management))
 7 SYSTEMPATH\CodeIgniter.php(368): CodeIgniter\CodeIgniter->handleRequest(null, Object(Config\Cache), false)
 8 FCPATH\index.php(67): CodeIgniter\CodeIgniter->run()
CRITICAL - 2025-03-13 07:48:27 --> The framework needs the following extension(s) installed and loaded: "GD".
in SYSTEMPATH\Exceptions\FrameworkException.php on line 54.
 1 SYSTEMPATH\Images\Handlers\GDHandler.php(34): CodeIgniter\Exceptions\FrameworkException::forMissingExtension('GD')
 2 SYSTEMPATH\Config\Services.php(341): CodeIgniter\Images\Handlers\GDHandler->__construct(Object(Config\Images))
 3 SYSTEMPATH\Config\BaseService.php(252): CodeIgniter\Config\Services::image('gd', Object(Config\Images), false)
 4 SYSTEMPATH\Config\BaseService.php(193): CodeIgniter\Config\BaseService::__callStatic('image', [...])
 5 SYSTEMPATH\Config\Services.php(332): CodeIgniter\Config\BaseService::getSharedInstance('image', null, null)
 6 SYSTEMPATH\Config\BaseService.php(252): CodeIgniter\Config\Services::image()
 7 APPPATH\Controllers\Website_management.php(452): CodeIgniter\Config\BaseService::__callStatic('image', [])
 8 SYSTEMPATH\CodeIgniter.php(934): App\Controllers\Website_management->add_post()
 9 SYSTEMPATH\CodeIgniter.php(499): CodeIgniter\CodeIgniter->runController(Object(App\Controllers\Website_management))
10 SYSTEMPATH\CodeIgniter.php(368): CodeIgniter\CodeIgniter->handleRequest(null, Object(Config\Cache), false)
11 FCPATH\index.php(67): CodeIgniter\CodeIgniter->run()
ERROR - 2025-03-13 07:56:30 --> mysqli_sql_exception: Table 'example_db.enquiry' doesn't exist in C:\xampp\htdocs\admin_panel\system\Database\MySQLi\Connection.php:295
Stack trace:
#0 C:\xampp\htdocs\admin_panel\system\Database\MySQLi\Connection.php(295): mysqli->query('SELECT *\nFROM `...', 0)
#1 C:\xampp\htdocs\admin_panel\system\Database\BaseConnection.php(691): CodeIgniter\Database\MySQLi\Connection->execute('SELECT *\nFROM `...')
#2 C:\xampp\htdocs\admin_panel\system\Database\BaseConnection.php(605): CodeIgniter\Database\BaseConnection->simpleQuery('SELECT *\nFROM `...')
#3 C:\xampp\htdocs\admin_panel\system\Database\BaseBuilder.php(1616): CodeIgniter\Database\BaseConnection->query('SELECT *\nFROM `...', Array, false)
#4 C:\xampp\htdocs\admin_panel\system\Model.php(241): CodeIgniter\Database\BaseBuilder->get()
#5 C:\xampp\htdocs\admin_panel\system\BaseModel.php(618): CodeIgniter\Model->doFindAll(0, 0)
#6 C:\xampp\htdocs\admin_panel\app\Controllers\Website_management.php(163): CodeIgniter\BaseModel->findAll()
#7 C:\xampp\htdocs\admin_panel\system\CodeIgniter.php(934): App\Controllers\Website_management->enquiries()
#8 C:\xampp\htdocs\admin_panel\system\CodeIgniter.php(499): CodeIgniter\CodeIgniter->runController(Object(App\Controllers\Website_management))
#9 C:\xampp\htdocs\admin_panel\system\CodeIgniter.php(368): CodeIgniter\CodeIgniter->handleRequest(NULL, Object(Config\Cache), false)
#10 C:\xampp\htdocs\admin_panel\index.php(67): CodeIgniter\CodeIgniter->run()
#11 {main}
CRITICAL - 2025-03-13 07:56:30 --> Table 'example_db.enquiry' doesn't exist
in SYSTEMPATH\Database\BaseConnection.php on line 645.
 1 SYSTEMPATH\Database\BaseBuilder.php(1616): CodeIgniter\Database\BaseConnection->query('SELECT *
FROM `enquiry`', [], false)
 2 SYSTEMPATH\Model.php(241): CodeIgniter\Database\BaseBuilder->get()
 3 SYSTEMPATH\BaseModel.php(618): CodeIgniter\Model->doFindAll(0, 0)
 4 APPPATH\Controllers\Website_management.php(163): CodeIgniter\BaseModel->findAll()
 5 SYSTEMPATH\CodeIgniter.php(934): App\Controllers\Website_management->enquiries()
 6 SYSTEMPATH\CodeIgniter.php(499): CodeIgniter\CodeIgniter->runController(Object(App\Controllers\Website_management))
 7 SYSTEMPATH\CodeIgniter.php(368): CodeIgniter\CodeIgniter->handleRequest(null, Object(Config\Cache), false)
 8 FCPATH\index.php(67): CodeIgniter\CodeIgniter->run()
ERROR - 2025-03-13 07:59:59 --> mysqli_sql_exception: Table 'email_msg' already exists in C:\xampp\htdocs\admin_panel\system\Database\MySQLi\Connection.php:295
Stack trace:
#0 C:\xampp\htdocs\admin_panel\system\Database\MySQLi\Connection.php(295): mysqli->query('CREATE TABLE `e...', 0)
#1 C:\xampp\htdocs\admin_panel\system\Database\BaseConnection.php(691): CodeIgniter\Database\MySQLi\Connection->execute('CREATE TABLE `e...')
#2 C:\xampp\htdocs\admin_panel\system\Database\BaseConnection.php(605): CodeIgniter\Database\BaseConnection->simpleQuery('CREATE TABLE `e...')
#3 C:\xampp\htdocs\admin_panel\system\Database\Forge.php(546): CodeIgniter\Database\BaseConnection->query('CREATE TABLE `e...')
#4 C:\xampp\htdocs\admin_panel\app\Database\Migrations\2025-03-13-061729_CreateEmailMsgTable.php(58): CodeIgniter\Database\Forge->createTable('email_msg')
#5 C:\xampp\htdocs\admin_panel\system\Database\MigrationRunner.php(877): App\Database\Migrations\CreateEmailMsgTable->up()
#6 C:\xampp\htdocs\admin_panel\system\Database\MigrationRunner.php(188): CodeIgniter\Database\MigrationRunner->migrate('up', Object(stdClass))
#7 C:\xampp\htdocs\admin_panel\system\Commands\Database\Migrate.php(84): CodeIgniter\Database\MigrationRunner->latest(NULL)
#8 C:\xampp\htdocs\admin_panel\system\CLI\Commands.php(65): CodeIgniter\Commands\Database\Migrate->run(Array)
#9 C:\xampp\htdocs\admin_panel\system\CLI\Console.php(37): CodeIgniter\CLI\Commands->run('migrate', Array)
#10 C:\xampp\htdocs\admin_panel\spark(97): CodeIgniter\CLI\Console->run()
#11 {main}
ERROR - 2025-03-13 08:02:30 --> mysqli_sql_exception: Table 'email_msg' already exists in C:\xampp\htdocs\admin_panel\system\Database\MySQLi\Connection.php:295
Stack trace:
#0 C:\xampp\htdocs\admin_panel\system\Database\MySQLi\Connection.php(295): mysqli->query('CREATE TABLE `e...', 0)
#1 C:\xampp\htdocs\admin_panel\system\Database\BaseConnection.php(691): CodeIgniter\Database\MySQLi\Connection->execute('CREATE TABLE `e...')
#2 C:\xampp\htdocs\admin_panel\system\Database\BaseConnection.php(605): CodeIgniter\Database\BaseConnection->simpleQuery('CREATE TABLE `e...')
#3 C:\xampp\htdocs\admin_panel\system\Database\Forge.php(546): CodeIgniter\Database\BaseConnection->query('CREATE TABLE `e...')
#4 C:\xampp\htdocs\admin_panel\app\Database\Migrations\2025-03-13-061729_CreateEmailMsgTable.php(58): CodeIgniter\Database\Forge->createTable('email_msg')
#5 C:\xampp\htdocs\admin_panel\system\Database\MigrationRunner.php(877): App\Database\Migrations\CreateEmailMsgTable->up()
#6 C:\xampp\htdocs\admin_panel\system\Database\MigrationRunner.php(188): CodeIgniter\Database\MigrationRunner->migrate('up', Object(stdClass))
#7 C:\xampp\htdocs\admin_panel\system\Commands\Database\Migrate.php(84): CodeIgniter\Database\MigrationRunner->latest(NULL)
#8 C:\xampp\htdocs\admin_panel\system\CLI\Commands.php(65): CodeIgniter\Commands\Database\Migrate->run(Array)
#9 C:\xampp\htdocs\admin_panel\system\CLI\Console.php(37): CodeIgniter\CLI\Commands->run('migrate', Array)
#10 C:\xampp\htdocs\admin_panel\spark(97): CodeIgniter\CLI\Console->run()
#11 {main}
